[2024-03-20 04:31:53Z INFO HostContext] No proxy settings were found based on environmental variables (http_proxy/https_proxy/HTTP_PROXY/HTTPS_PROXY)
[2024-03-20 04:31:53Z INFO HostContext] Well known directory 'Bin': '/home/raspi/MSEE/advanced-embedded-linux-development/ECEA5305/assignment1/assignment-1-bigal13/actions-runner/bin'
[2024-03-20 04:31:53Z INFO HostContext] Well known directory 'Root': '/home/raspi/MSEE/advanced-embedded-linux-development/ECEA5305/assignment1/assignment-1-bigal13/actions-runner'
[2024-03-20 04:31:53Z INFO HostContext] Well known config file 'Credentials': '/home/raspi/MSEE/advanced-embedded-linux-development/ECEA5305/assignment1/assignment-1-bigal13/actions-runner/.credentials'
[2024-03-20 04:31:53Z INFO HostContext] Well known directory 'Bin': '/home/raspi/MSEE/advanced-embedded-linux-development/ECEA5305/assignment1/assignment-1-bigal13/actions-runner/bin'
[2024-03-20 04:31:53Z INFO HostContext] Well known directory 'Root': '/home/raspi/MSEE/advanced-embedded-linux-development/ECEA5305/assignment1/assignment-1-bigal13/actions-runner'
[2024-03-20 04:31:53Z INFO HostContext] Well known config file 'Runner': '/home/raspi/MSEE/advanced-embedded-linux-development/ECEA5305/assignment1/assignment-1-bigal13/actions-runner/.runner'
[2024-03-20 04:31:53Z INFO Listener] Runner is built for Linux (Arm) - linux-arm.
[2024-03-20 04:31:53Z INFO Listener] RuntimeInformation: Linux 6.1.21-v8+ #1642 SMP PREEMPT Mon Apr  3 17:24:16 BST 2023.
[2024-03-20 04:31:53Z INFO Listener] Version: 2.314.1
[2024-03-20 04:31:53Z INFO Listener] Commit: 976290d966e6cc3e748a49bf8fdbe139ff764201
[2024-03-20 04:31:53Z INFO Listener] Culture: en-US
[2024-03-20 04:31:53Z INFO Listener] UI Culture: en-US
[2024-03-20 04:31:53Z INFO HostContext] Well known directory 'Bin': '/home/raspi/MSEE/advanced-embedded-linux-development/ECEA5305/assignment1/assignment-1-bigal13/actions-runner/bin'
[2024-03-20 04:31:53Z INFO HostContext] Well known directory 'Root': '/home/raspi/MSEE/advanced-embedded-linux-development/ECEA5305/assignment1/assignment-1-bigal13/actions-runner'
[2024-03-20 04:31:53Z INFO Listener] Validating directory permissions for: '/home/raspi/MSEE/advanced-embedded-linux-development/ECEA5305/assignment1/assignment-1-bigal13/actions-runner'
[2024-03-20 04:31:53Z INFO CommandLineParser] Parse
[2024-03-20 04:31:53Z INFO CommandLineParser] Parsing 1 args
[2024-03-20 04:31:53Z INFO CommandLineParser] parsing argument
[2024-03-20 04:31:53Z INFO CommandLineParser] HasArgs: False
[2024-03-20 04:31:53Z INFO CommandLineParser] Adding Command: run
[2024-03-20 04:31:53Z INFO Listener] Arguments parsed
[2024-03-20 04:31:54Z INFO Runner] ExecuteCommand
[2024-03-20 04:31:54Z INFO ConfigurationStore] currentAssemblyLocation: /home/raspi/MSEE/advanced-embedded-linux-development/ECEA5305/assignment1/assignment-1-bigal13/actions-runner/bin/Runner.Listener.dll
[2024-03-20 04:31:54Z INFO HostContext] Well known directory 'Bin': '/home/raspi/MSEE/advanced-embedded-linux-development/ECEA5305/assignment1/assignment-1-bigal13/actions-runner/bin'
[2024-03-20 04:31:54Z INFO ConfigurationStore] binPath: /home/raspi/MSEE/advanced-embedded-linux-development/ECEA5305/assignment1/assignment-1-bigal13/actions-runner/bin
[2024-03-20 04:31:54Z INFO HostContext] Well known directory 'Bin': '/home/raspi/MSEE/advanced-embedded-linux-development/ECEA5305/assignment1/assignment-1-bigal13/actions-runner/bin'
[2024-03-20 04:31:54Z INFO HostContext] Well known directory 'Root': '/home/raspi/MSEE/advanced-embedded-linux-development/ECEA5305/assignment1/assignment-1-bigal13/actions-runner'
[2024-03-20 04:31:54Z INFO ConfigurationStore] RootFolder: /home/raspi/MSEE/advanced-embedded-linux-development/ECEA5305/assignment1/assignment-1-bigal13/actions-runner
[2024-03-20 04:31:54Z INFO HostContext] Well known directory 'Bin': '/home/raspi/MSEE/advanced-embedded-linux-development/ECEA5305/assignment1/assignment-1-bigal13/actions-runner/bin'
[2024-03-20 04:31:54Z INFO HostContext] Well known directory 'Root': '/home/raspi/MSEE/advanced-embedded-linux-development/ECEA5305/assignment1/assignment-1-bigal13/actions-runner'
[2024-03-20 04:31:54Z INFO HostContext] Well known config file 'Runner': '/home/raspi/MSEE/advanced-embedded-linux-development/ECEA5305/assignment1/assignment-1-bigal13/actions-runner/.runner'
[2024-03-20 04:31:54Z INFO ConfigurationStore] ConfigFilePath: /home/raspi/MSEE/advanced-embedded-linux-development/ECEA5305/assignment1/assignment-1-bigal13/actions-runner/.runner
[2024-03-20 04:31:54Z INFO HostContext] Well known directory 'Bin': '/home/raspi/MSEE/advanced-embedded-linux-development/ECEA5305/assignment1/assignment-1-bigal13/actions-runner/bin'
[2024-03-20 04:31:54Z INFO HostContext] Well known directory 'Root': '/home/raspi/MSEE/advanced-embedded-linux-development/ECEA5305/assignment1/assignment-1-bigal13/actions-runner'
[2024-03-20 04:31:54Z INFO HostContext] Well known config file 'Credentials': '/home/raspi/MSEE/advanced-embedded-linux-development/ECEA5305/assignment1/assignment-1-bigal13/actions-runner/.credentials'
[2024-03-20 04:31:54Z INFO ConfigurationStore] CredFilePath: /home/raspi/MSEE/advanced-embedded-linux-development/ECEA5305/assignment1/assignment-1-bigal13/actions-runner/.credentials
[2024-03-20 04:31:54Z INFO HostContext] Well known directory 'Bin': '/home/raspi/MSEE/advanced-embedded-linux-development/ECEA5305/assignment1/assignment-1-bigal13/actions-runner/bin'
[2024-03-20 04:31:54Z INFO HostContext] Well known directory 'Root': '/home/raspi/MSEE/advanced-embedded-linux-development/ECEA5305/assignment1/assignment-1-bigal13/actions-runner'
[2024-03-20 04:31:54Z INFO HostContext] Well known config file 'MigratedCredentials': '/home/raspi/MSEE/advanced-embedded-linux-development/ECEA5305/assignment1/assignment-1-bigal13/actions-runner/.credentials_migrated'
[2024-03-20 04:31:54Z INFO ConfigurationStore] MigratedCredFilePath: /home/raspi/MSEE/advanced-embedded-linux-development/ECEA5305/assignment1/assignment-1-bigal13/actions-runner/.credentials_migrated
[2024-03-20 04:31:54Z INFO HostContext] Well known directory 'Bin': '/home/raspi/MSEE/advanced-embedded-linux-development/ECEA5305/assignment1/assignment-1-bigal13/actions-runner/bin'
[2024-03-20 04:31:54Z INFO HostContext] Well known directory 'Root': '/home/raspi/MSEE/advanced-embedded-linux-development/ECEA5305/assignment1/assignment-1-bigal13/actions-runner'
[2024-03-20 04:31:54Z INFO HostContext] Well known config file 'Service': '/home/raspi/MSEE/advanced-embedded-linux-development/ECEA5305/assignment1/assignment-1-bigal13/actions-runner/.service'
[2024-03-20 04:31:54Z INFO ConfigurationStore] ServiceConfigFilePath: /home/raspi/MSEE/advanced-embedded-linux-development/ECEA5305/assignment1/assignment-1-bigal13/actions-runner/.service
[2024-03-20 04:31:54Z INFO CommandSettings] Flag 'help': 'False'
[2024-03-20 04:31:54Z INFO CommandSettings] Flag 'version': 'False'
[2024-03-20 04:31:54Z INFO CommandSettings] Flag 'commit': 'False'
[2024-03-20 04:31:54Z INFO CommandSettings] Flag 'check': 'False'
[2024-03-20 04:31:54Z INFO CommandSettings] Command 'configure': 'False'
[2024-03-20 04:31:54Z INFO CommandSettings] Command 'remove': 'False'
[2024-03-20 04:31:54Z INFO CommandSettings] Command 'warmup': 'False'
[2024-03-20 04:31:54Z INFO ConfigurationManager] LoadSettings
[2024-03-20 04:31:54Z INFO ConfigurationStore] IsConfigured()
[2024-03-20 04:31:54Z INFO ConfigurationStore] IsConfigured: True
[2024-03-20 04:31:54Z INFO ConfigurationManager] Is configured: True
[2024-03-20 04:31:54Z INFO ConfigurationStore] Read setting file: 307 chars
[2024-03-20 04:31:54Z INFO ConfigurationManager] Settings Loaded
[2024-03-20 04:31:54Z INFO ConfigurationStore] IsServiceConfigured()
[2024-03-20 04:31:54Z INFO ConfigurationStore] IsServiceConfigured: False
[2024-03-20 04:31:54Z INFO CommandSettings] Command 'run': 'True'
[2024-03-20 04:31:54Z INFO ConfigurationStore] IsConfigured()
[2024-03-20 04:31:54Z INFO ConfigurationStore] IsConfigured: True
[2024-03-20 04:31:54Z INFO ConfigurationManager] Is configured: True
[2024-03-20 04:31:54Z INFO Runner] Could not parse the argument value '' for StartupType. Defaulting to Manual
[2024-03-20 04:31:54Z INFO Runner] Set runner startup type - Manual
[2024-03-20 04:31:54Z INFO CommandSettings] Flag 'once': 'False'
[2024-03-20 04:31:54Z INFO CommandSettings] Flag 'once': 'False'
[2024-03-20 04:31:54Z INFO Runner] RunAsync
[2024-03-20 04:31:54Z INFO ConfigurationManager] LoadSettings
[2024-03-20 04:31:54Z INFO ConfigurationStore] IsConfigured()
[2024-03-20 04:31:54Z INFO ConfigurationStore] IsConfigured: True
[2024-03-20 04:31:54Z INFO ConfigurationManager] Is configured: True
[2024-03-20 04:31:54Z INFO ConfigurationManager] Settings Loaded
[2024-03-20 04:31:54Z INFO MessageListener] {
  "AgentId": 2,
  "AgentName": "runnerA",
  "PoolId": 1,
  "PoolName": "Default",
  "ServerUrl": "https://pipelinesghubeus11.actions.githubusercontent.com/2kbqA48cwnEt8tBconmhYvz3KzMtISbIWIjw2Ihn6v2XztlaSF/",
  "GitHubUrl": "https://github.com/cu-ecen-aeld/assignment-1-bigal13",
  "WorkFolder": "_work"
}
[2024-03-20 04:31:54Z INFO MessageListener] Loading Credentials
[2024-03-20 04:31:54Z INFO ConfigurationStore] HasCredentials()
[2024-03-20 04:31:54Z INFO ConfigurationStore] stored True
[2024-03-20 04:31:54Z INFO CredentialManager] GetCredentialProvider
[2024-03-20 04:31:54Z INFO CredentialManager] Creating type OAuth
[2024-03-20 04:31:54Z INFO CredentialManager] Creating credential type: OAuth
[2024-03-20 04:31:54Z INFO HostContext] Well known directory 'Bin': '/home/raspi/MSEE/advanced-embedded-linux-development/ECEA5305/assignment1/assignment-1-bigal13/actions-runner/bin'
[2024-03-20 04:31:54Z INFO HostContext] Well known directory 'Root': '/home/raspi/MSEE/advanced-embedded-linux-development/ECEA5305/assignment1/assignment-1-bigal13/actions-runner'
[2024-03-20 04:31:54Z INFO HostContext] Well known config file 'RSACredentials': '/home/raspi/MSEE/advanced-embedded-linux-development/ECEA5305/assignment1/assignment-1-bigal13/actions-runner/.credentials_rsaparams'
[2024-03-20 04:31:54Z INFO RSAFileKeyManager] Loading RSA key parameters from file /home/raspi/MSEE/advanced-embedded-linux-development/ECEA5305/assignment1/assignment-1-bigal13/actions-runner/.credentials_rsaparams
[2024-03-20 04:31:54Z INFO MessageListener] Attempt to create session.
[2024-03-20 04:31:54Z INFO MessageListener] Connecting to the Runner Server...
[2024-03-20 04:31:54Z INFO RunnerServer] EstablishVssConnection
[2024-03-20 04:31:54Z INFO RunnerServer] Establish connection with 100 seconds timeout.
[2024-03-20 04:31:54Z INFO GitHubActionsService] Starting operation Location.GetConnectionData
[2024-03-20 04:31:54Z INFO RunnerServer] EstablishVssConnection
[2024-03-20 04:31:54Z INFO RunnerServer] Establish connection with 60 seconds timeout.
[2024-03-20 04:31:54Z INFO GitHubActionsService] Starting operation Location.GetConnectionData
[2024-03-20 04:31:54Z INFO RunnerServer] EstablishVssConnection
[2024-03-20 04:31:54Z INFO RunnerServer] Establish connection with 60 seconds timeout.
[2024-03-20 04:31:54Z INFO GitHubActionsService] Starting operation Location.GetConnectionData
[2024-03-20 04:31:55Z INFO GitHubActionsService] Finished operation Location.GetConnectionData
[2024-03-20 04:31:55Z INFO GitHubActionsService] Finished operation Location.GetConnectionData
[2024-03-20 04:31:55Z INFO GitHubActionsService] Finished operation Location.GetConnectionData
[2024-03-20 04:31:56Z INFO MessageListener] VssConnection created
[2024-03-20 04:31:56Z INFO Terminal] WRITE LINE: 
[2024-03-20 04:31:56Z INFO Terminal] WRITE LINE: 
[2024-03-20 04:31:56Z INFO RSAFileKeyManager] Loading RSA key parameters from file /home/raspi/MSEE/advanced-embedded-linux-development/ECEA5305/assignment1/assignment-1-bigal13/actions-runner/.credentials_rsaparams
[2024-03-20 04:31:56Z INFO RSAFileKeyManager] Loading RSA key parameters from file /home/raspi/MSEE/advanced-embedded-linux-development/ECEA5305/assignment1/assignment-1-bigal13/actions-runner/.credentials_rsaparams
[2024-03-20 04:31:56Z INFO GitHubActionsService] AAD Correlation ID for this token request: Unknown
[2024-03-20 04:31:56Z INFO MessageListener] Session created.
[2024-03-20 04:31:56Z INFO Terminal] WRITE LINE: Current runner version: '2.314.1'
[2024-03-20 04:31:56Z INFO Terminal] WRITE LINE: 2024-03-20 04:31:56Z: Listening for Jobs
[2024-03-20 04:31:56Z INFO JobDispatcher] Set runner/worker IPC timeout to 30 seconds.
[2024-03-20 04:32:00Z INFO Terminal] WRITE LINE: Exiting...
[2024-03-20 04:32:00Z INFO ConfigurationStore] IsServiceConfigured()
[2024-03-20 04:32:00Z INFO ConfigurationStore] IsServiceConfigured: False
[2024-03-20 04:32:00Z INFO HostContext] Runner will be shutdown for UserCancelled
[2024-03-20 04:32:00Z WARN GitHubActionsService] GET request to https://pipelinesghubeus11.actions.githubusercontent.com/2kbqA48cwnEt8tBconmhYvz3KzMtISbIWIjw2Ihn6v2XztlaSF/_apis/distributedtask/pools/1/messages?sessionId=bb7daabc-fda1-4d49-bdef-3500cd731b05&status=Online&runnerVersion=2.314.1&os=Linux&architecture=ARM&disableUpdate=false has been cancelled.
[2024-03-20 04:32:00Z INFO MessageListener] Get next message has been cancelled.
[2024-03-20 04:32:00Z INFO JobDispatcher] Shutting down JobDispatcher. Make sure all WorkerDispatcher has finished.
[2024-03-20 04:32:00Z INFO Runner] Deleting Runner Session...
[2024-03-20 04:32:00Z INFO Listener] Runner execution been cancelled.
