[2024-03-20 04:28:39Z INFO HostContext] No proxy settings were found based on environmental variables (http_proxy/https_proxy/HTTP_PROXY/HTTPS_PROXY)
[2024-03-20 04:28:39Z INFO HostContext] Well known directory 'Bin': '/home/raspi/MSEE/advanced-embedded-linux-development/ECEA5305/assignment1/assignment-1-bigal13/actions-runner/bin'
[2024-03-20 04:28:39Z INFO HostContext] Well known directory 'Root': '/home/raspi/MSEE/advanced-embedded-linux-development/ECEA5305/assignment1/assignment-1-bigal13/actions-runner'
[2024-03-20 04:28:39Z INFO HostContext] Well known config file 'Credentials': '/home/raspi/MSEE/advanced-embedded-linux-development/ECEA5305/assignment1/assignment-1-bigal13/actions-runner/.credentials'
[2024-03-20 04:28:39Z INFO HostContext] Well known directory 'Bin': '/home/raspi/MSEE/advanced-embedded-linux-development/ECEA5305/assignment1/assignment-1-bigal13/actions-runner/bin'
[2024-03-20 04:28:39Z INFO HostContext] Well known directory 'Root': '/home/raspi/MSEE/advanced-embedded-linux-development/ECEA5305/assignment1/assignment-1-bigal13/actions-runner'
[2024-03-20 04:28:39Z INFO HostContext] Well known config file 'Runner': '/home/raspi/MSEE/advanced-embedded-linux-development/ECEA5305/assignment1/assignment-1-bigal13/actions-runner/.runner'
[2024-03-20 04:28:39Z INFO Listener] Runner is built for Linux (Arm) - linux-arm.
[2024-03-20 04:28:39Z INFO Listener] RuntimeInformation: Linux 6.1.21-v8+ #1642 SMP PREEMPT Mon Apr  3 17:24:16 BST 2023.
[2024-03-20 04:28:39Z INFO Listener] Version: 2.314.1
[2024-03-20 04:28:39Z INFO Listener] Commit: 976290d966e6cc3e748a49bf8fdbe139ff764201
[2024-03-20 04:28:39Z INFO Listener] Culture: en-US
[2024-03-20 04:28:39Z INFO Listener] UI Culture: en-US
[2024-03-20 04:28:39Z INFO HostContext] Well known directory 'Bin': '/home/raspi/MSEE/advanced-embedded-linux-development/ECEA5305/assignment1/assignment-1-bigal13/actions-runner/bin'
[2024-03-20 04:28:39Z INFO HostContext] Well known directory 'Root': '/home/raspi/MSEE/advanced-embedded-linux-development/ECEA5305/assignment1/assignment-1-bigal13/actions-runner'
[2024-03-20 04:28:39Z INFO Listener] Validating directory permissions for: '/home/raspi/MSEE/advanced-embedded-linux-development/ECEA5305/assignment1/assignment-1-bigal13/actions-runner'
[2024-03-20 04:28:39Z INFO CommandLineParser] Parse
[2024-03-20 04:28:39Z INFO CommandLineParser] Parsing 5 args
[2024-03-20 04:28:39Z INFO CommandLineParser] parsing argument
[2024-03-20 04:28:39Z INFO CommandLineParser] HasArgs: False
[2024-03-20 04:28:39Z INFO CommandLineParser] Adding Command: configure
[2024-03-20 04:28:39Z INFO CommandLineParser] parsing argument
[2024-03-20 04:28:39Z INFO CommandLineParser] HasArgs: True
[2024-03-20 04:28:39Z INFO CommandLineParser] arg: url
[2024-03-20 04:28:39Z INFO CommandLineParser] parsing argument
[2024-03-20 04:28:39Z INFO CommandLineParser] HasArgs: True
[2024-03-20 04:28:39Z INFO CommandLineParser] Adding option 'url': 'https://github.com/cu-ecen-aeld/assignment-1-bigal13'
[2024-03-20 04:28:39Z INFO CommandLineParser] parsing argument
[2024-03-20 04:28:39Z INFO CommandLineParser] HasArgs: True
[2024-03-20 04:28:39Z INFO CommandLineParser] arg: token
[2024-03-20 04:28:39Z INFO CommandLineParser] parsing argument
[2024-03-20 04:28:39Z INFO CommandLineParser] HasArgs: True
[2024-03-20 04:28:39Z INFO CommandLineParser] Adding option 'token': '***'
[2024-03-20 04:28:39Z INFO Listener] Arguments parsed
[2024-03-20 04:28:40Z INFO Runner] ExecuteCommand
[2024-03-20 04:28:40Z INFO ConfigurationStore] currentAssemblyLocation: /home/raspi/MSEE/advanced-embedded-linux-development/ECEA5305/assignment1/assignment-1-bigal13/actions-runner/bin/Runner.Listener.dll
[2024-03-20 04:28:40Z INFO HostContext] Well known directory 'Bin': '/home/raspi/MSEE/advanced-embedded-linux-development/ECEA5305/assignment1/assignment-1-bigal13/actions-runner/bin'
[2024-03-20 04:28:40Z INFO ConfigurationStore] binPath: /home/raspi/MSEE/advanced-embedded-linux-development/ECEA5305/assignment1/assignment-1-bigal13/actions-runner/bin
[2024-03-20 04:28:40Z INFO HostContext] Well known directory 'Bin': '/home/raspi/MSEE/advanced-embedded-linux-development/ECEA5305/assignment1/assignment-1-bigal13/actions-runner/bin'
[2024-03-20 04:28:40Z INFO HostContext] Well known directory 'Root': '/home/raspi/MSEE/advanced-embedded-linux-development/ECEA5305/assignment1/assignment-1-bigal13/actions-runner'
[2024-03-20 04:28:40Z INFO ConfigurationStore] RootFolder: /home/raspi/MSEE/advanced-embedded-linux-development/ECEA5305/assignment1/assignment-1-bigal13/actions-runner
[2024-03-20 04:28:40Z INFO HostContext] Well known directory 'Bin': '/home/raspi/MSEE/advanced-embedded-linux-development/ECEA5305/assignment1/assignment-1-bigal13/actions-runner/bin'
[2024-03-20 04:28:40Z INFO HostContext] Well known directory 'Root': '/home/raspi/MSEE/advanced-embedded-linux-development/ECEA5305/assignment1/assignment-1-bigal13/actions-runner'
[2024-03-20 04:28:40Z INFO HostContext] Well known config file 'Runner': '/home/raspi/MSEE/advanced-embedded-linux-development/ECEA5305/assignment1/assignment-1-bigal13/actions-runner/.runner'
[2024-03-20 04:28:40Z INFO ConfigurationStore] ConfigFilePath: /home/raspi/MSEE/advanced-embedded-linux-development/ECEA5305/assignment1/assignment-1-bigal13/actions-runner/.runner
[2024-03-20 04:28:40Z INFO HostContext] Well known directory 'Bin': '/home/raspi/MSEE/advanced-embedded-linux-development/ECEA5305/assignment1/assignment-1-bigal13/actions-runner/bin'
[2024-03-20 04:28:40Z INFO HostContext] Well known directory 'Root': '/home/raspi/MSEE/advanced-embedded-linux-development/ECEA5305/assignment1/assignment-1-bigal13/actions-runner'
[2024-03-20 04:28:40Z INFO HostContext] Well known config file 'Credentials': '/home/raspi/MSEE/advanced-embedded-linux-development/ECEA5305/assignment1/assignment-1-bigal13/actions-runner/.credentials'
[2024-03-20 04:28:40Z INFO ConfigurationStore] CredFilePath: /home/raspi/MSEE/advanced-embedded-linux-development/ECEA5305/assignment1/assignment-1-bigal13/actions-runner/.credentials
[2024-03-20 04:28:40Z INFO HostContext] Well known directory 'Bin': '/home/raspi/MSEE/advanced-embedded-linux-development/ECEA5305/assignment1/assignment-1-bigal13/actions-runner/bin'
[2024-03-20 04:28:40Z INFO HostContext] Well known directory 'Root': '/home/raspi/MSEE/advanced-embedded-linux-development/ECEA5305/assignment1/assignment-1-bigal13/actions-runner'
[2024-03-20 04:28:40Z INFO HostContext] Well known config file 'MigratedCredentials': '/home/raspi/MSEE/advanced-embedded-linux-development/ECEA5305/assignment1/assignment-1-bigal13/actions-runner/.credentials_migrated'
[2024-03-20 04:28:40Z INFO ConfigurationStore] MigratedCredFilePath: /home/raspi/MSEE/advanced-embedded-linux-development/ECEA5305/assignment1/assignment-1-bigal13/actions-runner/.credentials_migrated
[2024-03-20 04:28:40Z INFO HostContext] Well known directory 'Bin': '/home/raspi/MSEE/advanced-embedded-linux-development/ECEA5305/assignment1/assignment-1-bigal13/actions-runner/bin'
[2024-03-20 04:28:40Z INFO HostContext] Well known directory 'Root': '/home/raspi/MSEE/advanced-embedded-linux-development/ECEA5305/assignment1/assignment-1-bigal13/actions-runner'
[2024-03-20 04:28:40Z INFO HostContext] Well known config file 'Service': '/home/raspi/MSEE/advanced-embedded-linux-development/ECEA5305/assignment1/assignment-1-bigal13/actions-runner/.service'
[2024-03-20 04:28:40Z INFO ConfigurationStore] ServiceConfigFilePath: /home/raspi/MSEE/advanced-embedded-linux-development/ECEA5305/assignment1/assignment-1-bigal13/actions-runner/.service
[2024-03-20 04:28:40Z INFO CommandSettings] Flag 'help': 'False'
[2024-03-20 04:28:40Z INFO CommandSettings] Flag 'version': 'False'
[2024-03-20 04:28:40Z INFO CommandSettings] Flag 'commit': 'False'
[2024-03-20 04:28:40Z INFO CommandSettings] Flag 'check': 'False'
[2024-03-20 04:28:40Z INFO CommandSettings] Command 'configure': 'True'
[2024-03-20 04:28:40Z INFO Terminal] WRITE LINE: 
[2024-03-20 04:28:40Z INFO Terminal] WRITE LINE: --------------------------------------------------------------------------------
[2024-03-20 04:28:40Z INFO Terminal] WRITE LINE: |        ____ _ _   _   _       _          _        _   _                      |
[2024-03-20 04:28:40Z INFO Terminal] WRITE LINE: |       / ___(_) |_| | | |_   _| |__      / \   ___| |_(_) ___  _ __  ___      |
[2024-03-20 04:28:40Z INFO Terminal] WRITE LINE: |      | |  _| | __| |_| | | | | '_ \    / _ \ / __| __| |/ _ \| '_ \/ __|     |
[2024-03-20 04:28:40Z INFO Terminal] WRITE LINE: |      | |_| | | |_|  _  | |_| | |_) |  / ___ \ (__| |_| | (_) | | | \__ \     |
[2024-03-20 04:28:40Z INFO Terminal] WRITE LINE: |       \____|_|\__|_| |_|\__,_|_.__/  /_/   \_\___|\__|_|\___/|_| |_|___/     |
[2024-03-20 04:28:40Z INFO Terminal] WRITE LINE: |                                                                              |
[2024-03-20 04:28:40Z INFO Terminal] WRITE: |                       
[2024-03-20 04:28:40Z INFO Terminal] WRITE: Self-hosted runner registration
[2024-03-20 04:28:40Z INFO Terminal] WRITE LINE:                         |
[2024-03-20 04:28:40Z INFO Terminal] WRITE LINE: |                                                                              |
[2024-03-20 04:28:40Z INFO Terminal] WRITE LINE: --------------------------------------------------------------------------------
[2024-03-20 04:28:40Z INFO ConfigurationManager] ConfigureAsync
[2024-03-20 04:28:40Z INFO CommandSettings] Flag 'generateServiceConfig': 'False'
[2024-03-20 04:28:40Z INFO ConfigurationStore] IsConfigured()
[2024-03-20 04:28:40Z INFO ConfigurationStore] IsConfigured: False
[2024-03-20 04:28:40Z INFO ConfigurationManager] Is configured: False
[2024-03-20 04:28:40Z INFO CommandSettings] Arg 'url': 'https://github.com/cu-ecen-aeld/assignment-1-bigal13'
[2024-03-20 04:28:40Z INFO CommandSettings] Remove url from Arg dictionary.
[2024-03-20 04:28:40Z INFO CommandSettings] Arg 'token': '***'
[2024-03-20 04:28:40Z INFO CommandSettings] Remove token from Arg dictionary.
[2024-03-20 04:30:05Z ERR  ConfigurationManager] Failed to get tenant credentials -- Attempt: 1
[2024-03-20 04:30:05Z ERR  ConfigurationManager] System.Net.Http.HttpRequestException: An error occurred while sending the request.
 ---> System.IO.IOException: The response ended prematurely.
   at System.Net.Http.HttpConnection.SendAsyncCore(HttpRequestMessage request, Boolean async, CancellationToken cancellationToken)
   --- End of inner exception stack trace ---
   at System.Net.Http.HttpConnection.SendAsyncCore(HttpRequestMessage request, Boolean async, CancellationToken cancellationToken)
   at System.Net.Http.HttpConnectionPool.SendWithVersionDetectionAndRetryAsync(HttpRequestMessage request, Boolean async, Boolean doRequestAuth, CancellationToken cancellationToken)
   at System.Net.Http.RedirectHandler.SendAsync(HttpRequestMessage request, Boolean async, CancellationToken cancellationToken)
   at System.Net.Http.HttpClient.<SendAsync>g__Core|83_0(HttpRequestMessage request, HttpCompletionOption completionOption, CancellationTokenSource cts, Boolean disposeCts, CancellationTokenSource pendingRequestsCts, CancellationToken originalCancellationToken)
   at GitHub.Runner.Listener.Configuration.ConfigurationManager.GetTenantCredential(String githubUrl, String githubToken, String runnerEvent)
[2024-03-20 04:30:05Z ERR  ConfigurationManager] #####################################################
[2024-03-20 04:30:05Z ERR  ConfigurationManager] System.IO.IOException: The response ended prematurely.
   at System.Net.Http.HttpConnection.SendAsyncCore(HttpRequestMessage request, Boolean async, CancellationToken cancellationToken)
[2024-03-20 04:30:05Z INFO ConfigurationManager] Retrying in 2 seconds
[2024-03-20 04:30:09Z INFO ConfigurationManager] Http response code: OK from 'POST https://api.github.com/actions/runner-registration' (9050:4476:FA6E1A:1D6EE28:65FA6650)
[2024-03-20 04:30:09Z INFO ConfigurationManager] Using V2 flow: False
[2024-03-20 04:30:09Z INFO ConfigurationManager] cred retrieved via GitHub auth
[2024-03-20 04:30:09Z INFO RunnerServer] EstablishVssConnection
[2024-03-20 04:30:09Z INFO RunnerServer] Establish connection with 100 seconds timeout.
[2024-03-20 04:30:11Z INFO GitHubActionsService] Starting operation Location.GetConnectionData
[2024-03-20 04:30:11Z INFO RunnerServer] EstablishVssConnection
[2024-03-20 04:30:11Z INFO RunnerServer] Establish connection with 60 seconds timeout.
[2024-03-20 04:30:11Z INFO GitHubActionsService] Starting operation Location.GetConnectionData
[2024-03-20 04:30:11Z INFO RunnerServer] EstablishVssConnection
[2024-03-20 04:30:11Z INFO RunnerServer] Establish connection with 60 seconds timeout.
[2024-03-20 04:30:11Z INFO GitHubActionsService] Starting operation Location.GetConnectionData
[2024-03-20 04:30:13Z INFO GitHubActionsService] Finished operation Location.GetConnectionData
[2024-03-20 04:30:13Z INFO GitHubActionsService] Finished operation Location.GetConnectionData
[2024-03-20 04:30:13Z INFO GitHubActionsService] Finished operation Location.GetConnectionData
[2024-03-20 04:30:14Z INFO Terminal] WRITE LINE: 
[2024-03-20 04:30:14Z INFO ConfigurationManager] Test Connection complete.
[2024-03-20 04:30:14Z INFO HostContext] Well known directory 'Bin': '/home/raspi/MSEE/advanced-embedded-linux-development/ECEA5305/assignment1/assignment-1-bigal13/actions-runner/bin'
[2024-03-20 04:30:14Z INFO HostContext] Well known directory 'Root': '/home/raspi/MSEE/advanced-embedded-linux-development/ECEA5305/assignment1/assignment-1-bigal13/actions-runner'
[2024-03-20 04:30:14Z INFO HostContext] Well known config file 'RSACredentials': '/home/raspi/MSEE/advanced-embedded-linux-development/ECEA5305/assignment1/assignment-1-bigal13/actions-runner/.credentials_rsaparams'
[2024-03-20 04:30:14Z INFO RSAFileKeyManager] Creating new RSA key using 2048-bit key length
[2024-03-20 04:30:16Z INFO RSAFileKeyManager] Successfully saved RSA key parameters to file /home/raspi/MSEE/advanced-embedded-linux-development/ECEA5305/assignment1/assignment-1-bigal13/actions-runner/.credentials_rsaparams
[2024-03-20 04:30:16Z INFO RSAFileKeyManager] Which: 'chmod'
[2024-03-20 04:30:16Z INFO RSAFileKeyManager] Location: '/usr/bin/chmod'
[2024-03-20 04:30:16Z INFO HostContext] Well known directory 'Bin': '/home/raspi/MSEE/advanced-embedded-linux-development/ECEA5305/assignment1/assignment-1-bigal13/actions-runner/bin'
[2024-03-20 04:30:16Z INFO HostContext] Well known directory 'Root': '/home/raspi/MSEE/advanced-embedded-linux-development/ECEA5305/assignment1/assignment-1-bigal13/actions-runner'
[2024-03-20 04:30:16Z INFO ProcessInvokerWrapper] Starting process:
[2024-03-20 04:30:16Z INFO ProcessInvokerWrapper]   File name: '/usr/bin/chmod'
[2024-03-20 04:30:16Z INFO ProcessInvokerWrapper]   Arguments: '600 /home/raspi/MSEE/advanced-embedded-linux-development/ECEA5305/assignment1/assignment-1-bigal13/actions-runner/.credentials_rsaparams'
[2024-03-20 04:30:16Z INFO ProcessInvokerWrapper]   Working directory: '/home/raspi/MSEE/advanced-embedded-linux-development/ECEA5305/assignment1/assignment-1-bigal13/actions-runner'
[2024-03-20 04:30:16Z INFO ProcessInvokerWrapper]   Require exit code zero: 'False'
[2024-03-20 04:30:16Z INFO ProcessInvokerWrapper]   Encoding web name:  ; code page: ''
[2024-03-20 04:30:16Z INFO ProcessInvokerWrapper]   Force kill process on cancellation: 'False'
[2024-03-20 04:30:16Z INFO ProcessInvokerWrapper]   Redirected STDIN: 'False'
[2024-03-20 04:30:16Z INFO ProcessInvokerWrapper]   Persist current code page: 'False'
[2024-03-20 04:30:16Z INFO ProcessInvokerWrapper]   Keep redirected STDIN open: 'False'
[2024-03-20 04:30:16Z INFO ProcessInvokerWrapper]   High priority process: 'False'
[2024-03-20 04:30:16Z INFO ProcessInvokerWrapper] Process started with process id 8607, waiting for process exit.
[2024-03-20 04:30:16Z INFO ProcessInvokerWrapper] STDOUT/STDERR stream read finished.
[2024-03-20 04:30:16Z INFO ProcessInvokerWrapper] STDOUT/STDERR stream read finished.
[2024-03-20 04:30:16Z INFO ProcessInvokerWrapper] Finished process 8607 with exit code 0, and elapsed time 00:00:00.0232228.
[2024-03-20 04:30:16Z INFO RSAFileKeyManager] Successfully set permissions for RSA key parameters file /home/raspi/MSEE/advanced-embedded-linux-development/ECEA5305/assignment1/assignment-1-bigal13/actions-runner/.credentials_rsaparams
[2024-03-20 04:30:17Z INFO CommandSettings] Arg 'runnergroup': ''
[2024-03-20 04:30:17Z INFO CommandSettings] Flag 'unattended': 'False'
[2024-03-20 04:30:17Z INFO PromptManager] ReadValue
[2024-03-20 04:30:17Z INFO Terminal] WRITE: Enter the name of the runner group to add this runner to: 
[2024-03-20 04:30:17Z INFO Terminal] WRITE: [press Enter for Default] 
[2024-03-20 04:30:17Z INFO Terminal] READ LINE
[2024-03-20 04:30:17Z INFO Terminal] Read value: ''
[2024-03-20 04:30:17Z INFO PromptManager] Falling back to the default: 'Default'
[2024-03-20 04:30:17Z INFO Terminal] WRITE LINE: 
[2024-03-20 04:30:17Z INFO ConfigurationManager] Found a self-hosted runner group with id 1 and name Default
[2024-03-20 04:30:17Z INFO CommandSettings] Flag 'disableupdate': 'False'
[2024-03-20 04:30:17Z INFO CommandSettings] Flag 'ephemeral': 'False'
[2024-03-20 04:30:17Z INFO CommandSettings] Arg 'name': ''
[2024-03-20 04:30:17Z INFO CommandSettings] Flag 'unattended': 'False'
[2024-03-20 04:30:17Z INFO PromptManager] ReadValue
[2024-03-20 04:30:17Z INFO Terminal] WRITE: Enter the name of runner: 
[2024-03-20 04:30:17Z INFO Terminal] WRITE: [press Enter for raspberrypi] 
[2024-03-20 04:30:17Z INFO Terminal] READ LINE
[2024-03-20 04:30:52Z INFO Terminal] Read value: 'runnerA'
[2024-03-20 04:30:52Z INFO Terminal] WRITE LINE: 
[2024-03-20 04:30:52Z INFO CommandSettings] Arg 'labels': ''
[2024-03-20 04:30:52Z INFO CommandSettings] Flag 'unattended': 'False'
[2024-03-20 04:30:52Z INFO PromptManager] ReadValue
[2024-03-20 04:30:52Z INFO Terminal] WRITE: This runner will have the following labels: 'self-hosted', 'Linux', 'ARM' 
Enter any additional labels (ex. label-1,label-2): 
[2024-03-20 04:30:52Z INFO Terminal] WRITE: [press Enter to skip] 
[2024-03-20 04:30:52Z INFO Terminal] READ LINE
[2024-03-20 04:31:02Z INFO Terminal] Read value: ''
[2024-03-20 04:31:02Z INFO Terminal] WRITE LINE: 
[2024-03-20 04:31:02Z INFO CommandSettings] Flag 'disableupdate': 'False'
[2024-03-20 04:31:02Z INFO CommandSettings] Flag 'no-default-labels': 'False'
[2024-03-20 04:31:02Z INFO CommandSettings] Flag 'disableupdate': 'False'
[2024-03-20 04:31:02Z INFO CommandSettings] Flag 'ephemeral': 'False'
[2024-03-20 04:31:02Z INFO ConfigurationStore] Saving OAuth credential @ /home/raspi/MSEE/advanced-embedded-linux-development/ECEA5305/assignment1/assignment-1-bigal13/actions-runner/.credentials
[2024-03-20 04:31:02Z INFO ConfigurationStore] Credentials Saved.
[2024-03-20 04:31:02Z INFO ConfigurationStore] HasCredentials()
[2024-03-20 04:31:02Z INFO ConfigurationStore] stored True
[2024-03-20 04:31:02Z INFO CredentialManager] GetCredentialProvider
[2024-03-20 04:31:02Z INFO CredentialManager] Creating type OAuth
[2024-03-20 04:31:02Z INFO CredentialManager] Creating credential type: OAuth
[2024-03-20 04:31:02Z INFO RSAFileKeyManager] Loading RSA key parameters from file /home/raspi/MSEE/advanced-embedded-linux-development/ECEA5305/assignment1/assignment-1-bigal13/actions-runner/.credentials_rsaparams
[2024-03-20 04:31:02Z INFO RunnerServer] EstablishVssConnection
[2024-03-20 04:31:02Z INFO RunnerServer] Establish connection with 100 seconds timeout.
[2024-03-20 04:31:02Z INFO GitHubActionsService] Starting operation Location.GetConnectionData
[2024-03-20 04:31:02Z INFO RunnerServer] EstablishVssConnection
[2024-03-20 04:31:02Z INFO RunnerServer] Establish connection with 60 seconds timeout.
[2024-03-20 04:31:02Z INFO GitHubActionsService] Starting operation Location.GetConnectionData
[2024-03-20 04:31:02Z INFO RunnerServer] EstablishVssConnection
[2024-03-20 04:31:02Z INFO RunnerServer] Establish connection with 60 seconds timeout.
[2024-03-20 04:31:02Z INFO GitHubActionsService] Starting operation Location.GetConnectionData
[2024-03-20 04:31:03Z INFO GitHubActionsService] Finished operation Location.GetConnectionData
[2024-03-20 04:31:03Z INFO GitHubActionsService] Finished operation Location.GetConnectionData
[2024-03-20 04:31:04Z INFO GitHubActionsService] Finished operation Location.GetConnectionData
[2024-03-20 04:31:04Z INFO RSAFileKeyManager] Loading RSA key parameters from file /home/raspi/MSEE/advanced-embedded-linux-development/ECEA5305/assignment1/assignment-1-bigal13/actions-runner/.credentials_rsaparams
[2024-03-20 04:31:04Z INFO RSAFileKeyManager] Loading RSA key parameters from file /home/raspi/MSEE/advanced-embedded-linux-development/ECEA5305/assignment1/assignment-1-bigal13/actions-runner/.credentials_rsaparams
[2024-03-20 04:31:05Z INFO GitHubActionsService] AAD Correlation ID for this token request: Unknown
[2024-03-20 04:31:05Z INFO CommandSettings] Arg 'work': ''
[2024-03-20 04:31:05Z INFO CommandSettings] Flag 'unattended': 'False'
[2024-03-20 04:31:05Z INFO PromptManager] ReadValue
[2024-03-20 04:31:05Z INFO Terminal] WRITE: Enter name of work folder: 
[2024-03-20 04:31:05Z INFO Terminal] WRITE: [press Enter for _work] 
[2024-03-20 04:31:05Z INFO Terminal] READ LINE
[2024-03-20 04:31:13Z INFO Terminal] Read value: ''
[2024-03-20 04:31:13Z INFO PromptManager] Falling back to the default: '_work'
[2024-03-20 04:31:13Z INFO ConfigurationStore] Saving runner settings.
[2024-03-20 04:31:13Z INFO ConfigurationStore] Settings Saved.
[2024-03-20 04:31:13Z INFO Terminal] WRITE LINE: 
[2024-03-20 04:31:13Z INFO Terminal] WRITE LINE: 
[2024-03-20 04:31:13Z INFO SystemDControlManager] Service name 'actions.runner.cu-ecen-aeld-assignment-1-bigal13.runnerA.service' display name 'GitHub Actions Runner (cu-ecen-aeld-assignment-1-bigal13.runnerA)' will be used for service configuration.
[2024-03-20 04:31:13Z INFO HostContext] Well known directory 'Bin': '/home/raspi/MSEE/advanced-embedded-linux-development/ECEA5305/assignment1/assignment-1-bigal13/actions-runner/bin'
[2024-03-20 04:31:13Z INFO HostContext] Well known directory 'Root': '/home/raspi/MSEE/advanced-embedded-linux-development/ECEA5305/assignment1/assignment-1-bigal13/actions-runner'
[2024-03-20 04:31:13Z INFO HostContext] Well known directory 'Bin': '/home/raspi/MSEE/advanced-embedded-linux-development/ECEA5305/assignment1/assignment-1-bigal13/actions-runner/bin'
[2024-03-20 04:31:13Z INFO HostContext] Well known directory 'Bin': '/home/raspi/MSEE/advanced-embedded-linux-development/ECEA5305/assignment1/assignment-1-bigal13/actions-runner/bin'
[2024-03-20 04:31:13Z INFO HostContext] Well known directory 'Root': '/home/raspi/MSEE/advanced-embedded-linux-development/ECEA5305/assignment1/assignment-1-bigal13/actions-runner'
[2024-03-20 04:31:13Z INFO UnixUtil] Which: 'chmod'
[2024-03-20 04:31:13Z INFO UnixUtil] Location: '/usr/bin/chmod'
[2024-03-20 04:31:13Z INFO UnixUtil] Running /usr/bin/chmod 755 "/home/raspi/MSEE/advanced-embedded-linux-development/ECEA5305/assignment1/assignment-1-bigal13/actions-runner/svc.sh"
[2024-03-20 04:31:13Z INFO ProcessInvokerWrapper] Starting process:
[2024-03-20 04:31:13Z INFO ProcessInvokerWrapper]   File name: '/usr/bin/chmod'
[2024-03-20 04:31:13Z INFO ProcessInvokerWrapper]   Arguments: '755 "/home/raspi/MSEE/advanced-embedded-linux-development/ECEA5305/assignment1/assignment-1-bigal13/actions-runner/svc.sh"'
[2024-03-20 04:31:13Z INFO ProcessInvokerWrapper]   Working directory: '/home/raspi/MSEE/advanced-embedded-linux-development/ECEA5305/assignment1/assignment-1-bigal13/actions-runner'
[2024-03-20 04:31:13Z INFO ProcessInvokerWrapper]   Require exit code zero: 'True'
[2024-03-20 04:31:13Z INFO ProcessInvokerWrapper]   Encoding web name:  ; code page: ''
[2024-03-20 04:31:13Z INFO ProcessInvokerWrapper]   Force kill process on cancellation: 'False'
[2024-03-20 04:31:13Z INFO ProcessInvokerWrapper]   Redirected STDIN: 'False'
[2024-03-20 04:31:13Z INFO ProcessInvokerWrapper]   Persist current code page: 'False'
[2024-03-20 04:31:13Z INFO ProcessInvokerWrapper]   Keep redirected STDIN open: 'False'
[2024-03-20 04:31:13Z INFO ProcessInvokerWrapper]   High priority process: 'False'
[2024-03-20 04:31:13Z INFO ProcessInvokerWrapper] Updated oom_score_adj to 500 for PID: 8639.
[2024-03-20 04:31:13Z INFO ProcessInvokerWrapper] STDOUT/STDERR stream read finished.
[2024-03-20 04:31:13Z INFO ProcessInvokerWrapper] STDOUT/STDERR stream read finished.
[2024-03-20 04:31:13Z INFO ProcessInvokerWrapper] Process started with process id 8639, waiting for process exit.
[2024-03-20 04:31:13Z INFO ProcessInvokerWrapper] Finished process 8639 with exit code 0, and elapsed time 00:00:00.0036404.
[2024-03-20 04:31:13Z INFO Listener] Runner execution has finished with return code 0
